<?xml version="1.0" encoding="UTF-8"?>
<!-- Generated by org.testng.reporters.JUnitReportReporter -->
<testsuite hostname="AT-NB-THILINIW2" failures="0" tests="3" name="com.actitime.qa.testcases.HomePageTest" time="27.410" errors="0" timestamp="07 Dec 2022 10:46:54 GMT" skipped="1">
  <testcase classname="com.actitime.qa.testcases.HomePageTest" name="homePageLogoTest" time="12.962"/>
  <testcase classname="com.actitime.qa.testcases.HomePageTest" name="homePageEmployeeProfileView" time="14.448"/>
  <testcase classname="com.actitime.qa.testcases.HomePageTest" name="homePageTaskLinkTest">
    <skipped/>
  </testcase> <!-- homePageTaskLinkTest -->
</testsuite> <!-- com.actitime.qa.testcases.HomePageTest -->
