<?xml version="1.0" encoding="UTF-8"?>
<!-- Generated by org.testng.reporters.JUnitReportReporter -->
<testsuite hostname="AT-NB-THILINIW2" failures="0" tests="3" name="com.actitime.qa.testcases.LogonPageTest" time="14.621" errors="0" timestamp="07 Dec 2022 10:46:54 GMT" skipped="1">
  <testcase classname="com.actitime.qa.testcases.LogonPageTest" name="LoginTest" time="7.494"/>
  <testcase classname="com.actitime.qa.testcases.LogonPageTest" name="LoginTest" time="7.127"/>
  <testcase classname="com.actitime.qa.testcases.LogonPageTest" name="loginPageLogoTest">
    <skipped/>
  </testcase> <!-- loginPageLogoTest -->
</testsuite> <!-- com.actitime.qa.testcases.LogonPageTest -->
